[debug] [2025-12-01T01:25:03.403Z] ----------------------------------------------------------------------
[debug] [2025-12-01T01:25:03.405Z] Command:       C:\Program Files\nodejs\node.exe C:\Users\rober\AppData\Local\npm-cache\_npx\ba4f1959e38407b5\node_modules\firebase-tools\lib\bin\firebase.js init dataconnect --project exaroton-servers
[debug] [2025-12-01T01:25:03.405Z] CLI Version:   14.26.0
[debug] [2025-12-01T01:25:03.405Z] Platform:      win32
[debug] [2025-12-01T01:25:03.405Z] Node Version:  v24.11.1
[debug] [2025-12-01T01:25:03.405Z] Time:          Sun Nov 30 2025 22:25:03 GMT-0300 (Horário Padrão de Brasília)
[debug] [2025-12-01T01:25:03.405Z] ----------------------------------------------------------------------
[debug] 
[info] 
     ######## #### ########  ######## ########     ###     ######  ########
     ##        ##  ##     ## ##       ##     ##  ##   ##  ##       ##
     ######    ##  ########  ######   ########  #########  ######  ######
     ##        ##  ##    ##  ##       ##     ## ##     ##       ## ##
     ##       #### ##     ## ######## ########  ##     ##  ######  ########

You're about to initialize a Firebase project in this directory:

  C:\Users\rober\repos\lajuro\exaroton-servers

Before we get started, keep in mind:

  * You are initializing within an existing Firebase project directory

[debug] [2025-12-01T01:25:08.527Z] ExitPromptError: User force closed the prompt with SIGINT
    at Interface.sigint (C:\Users\rober\AppData\Local\npm-cache\_npx\ba4f1959e38407b5\node_modules\@inquirer\core\dist\commonjs\lib\create-prompt.js:101:37)
    at Interface.emit (node:events:508:28)
    at Interface.emit (node:domain:489:12)
    at [_ttyWrite] [as _ttyWrite] (node:internal/readline/interface:1317:18)
    at ReadStream.onkeypress (node:internal/readline/interface:284:20)
    at ReadStream.emit (node:events:520:35)
    at ReadStream.emit (node:domain:489:12)
    at emitKeys (node:internal/readline/utils:371:14)
    at emitKeys.next (<anonymous>)
    at ReadStream.onData (node:internal/readline/emitKeypressEvents:64:36)
[error] 
[error] Error: An unexpected error has occurred.
