[debug] [2025-12-01T01:21:13.655Z] [Firebase Plugin] Activating Firebase extension.
[info] [Firebase Plugin] Checked firebase-tools, is up to date!
[debug] [2025-12-01T01:21:16.444Z] [Firebase Plugin] requireAuthWrapper
[debug] [2025-12-01T01:21:16.445Z] > command requires scopes: ["email","openid","https://www.googleapis.com/auth/cloudplatformprojects.readonly","https://www.googleapis.com/auth/firebase","https://www.googleapis.com/auth/cloud-platform"]
[debug] [2025-12-01T01:21:16.446Z] > authorizing via signed-in user (roberto.camargo.1996@gmail.com)
[debug] [2025-12-01T01:21:16.448Z] Checked if tokens are valid: false, expires at: 1764546186007
[debug] [2025-12-01T01:21:16.448Z] Checked if tokens are valid: false, expires at: 1764546186007
[debug] [2025-12-01T01:21:16.448Z] > refreshing access token with scopes: []
[debug] [2025-12-01T01:21:16.449Z] >>> [apiv2][query] POST https://www.googleapis.com/oauth2/v3/token [none]
[debug] [2025-12-01T01:21:16.450Z] >>> [apiv2][body] POST https://www.googleapis.com/oauth2/v3/token [omitted]
[debug] [2025-12-01T01:21:16.456Z] [Firebase Plugin] VSCode notification server listening on port 40001
[info] [Firebase Plugin] Starting Data Connect toolkit (version 2.17.0) on port 50001
[info] i  dataconnect: downloading dataconnect-emulator-2.17.0.exe... {"metadata":{"emulator":{"name":"dataconnect"},"message":"downloading dataconnect-emulator-2.17.0.exe..."}}
[debug] [2025-12-01T01:21:16.684Z] >>> [apiv2][query] GET https://storage.googleapis.com/firemat-preview-drop/emulator/dataconnect-emulator-windows-amd64-v2.17.0 
[debug] [2025-12-01T01:21:16.777Z] <<< [apiv2][status] POST https://www.googleapis.com/oauth2/v3/token 200
[debug] [2025-12-01T01:21:16.777Z] <<< [apiv2][body] POST https://www.googleapis.com/oauth2/v3/token [omitted]
[debug] [2025-12-01T01:21:16.792Z] [Firebase Plugin] User found:  roberto.camargo.1996@gmail.com
[info] [Firebase Plugin] (Core:Project) New user detected, fetching projects
[debug] [2025-12-01T01:21:16.793Z] Checked if tokens are valid: true, expires at: 1764555675777
[debug] [2025-12-01T01:21:16.794Z] >>> [apiv2][query] GET https://firebase.googleapis.com/v1beta1/projects pageSize=1000
[debug] [2025-12-01T01:21:17.055Z] <<< [apiv2][status] GET https://storage.googleapis.com/firemat-preview-drop/emulator/dataconnect-emulator-windows-amd64-v2.17.0 200
[debug] [2025-12-01T01:21:17.055Z] <<< [apiv2][body] GET https://storage.googleapis.com/firemat-preview-drop/emulator/dataconnect-emulator-windows-amd64-v2.17.0 [stream]
[debug] [2025-12-01T01:21:17.826Z] <<< [apiv2][status] GET https://firebase.googleapis.com/v1beta1/projects 200
[debug] [2025-12-01T01:21:17.826Z] <<< [apiv2][body] GET https://firebase.googleapis.com/v1beta1/projects [omitted]
[debug] [2025-12-01T01:21:21.440Z] 'fdc build' failed with error: Unable to build your Data Connect schema and connectors (exit code 1): E1130 22:21:21.429654   29640 cmd.go:43] Error loading data connect config: could not find dataconnect.yaml in `c:\Users\rober\repos\lajuro\exaroton-servers\dataconnect`
 {"metadata":{"emulator":{"name":"dataconnect"},"message":"'fdc build' failed with error: Unable to build your Data Connect schema and connectors (exit code 1): E1130 22:21:21.429654   29640 cmd.go:43] Error loading data connect config: could not find dataconnect.yaml in `c:\\Users\\rober\\repos\\lajuro\\exaroton-servers\\dataconnect`\n"}}
[debug] [2025-12-01T01:21:21.441Z] Ignoring unsupported arg: auto_download {"metadata":{"emulator":{"name":"dataconnect"},"message":"Ignoring unsupported arg: auto_download"}}
[debug] [2025-12-01T01:21:21.441Z] Ignoring unsupported arg: port {"metadata":{"emulator":{"name":"dataconnect"},"message":"Ignoring unsupported arg: port"}}
[debug] [2025-12-01T01:21:21.441Z] Starting Data Connect Emulator with command {"binary":"C:\\Users\\rober\\.cache\\firebase\\emulators\\dataconnect-emulator-2.17.0.exe","args":["--logtostderr","-v=2","dev","--listen=localhost:50001","--config_dir=c:\\Users\\rober\\repos\\lajuro\\exaroton-servers\\dataconnect","--enable_output_schema_extensions=true","--enable_output_generated_sdk=true"],"optionalArgs":["listen","config_dir","enable_output_schema_extensions","enable_output_generated_sdk"],"joinArgs":true,"shell":false,"port":9399} {"metadata":{"emulator":{"name":"dataconnect"},"message":"Starting Data Connect Emulator with command {\"binary\":\"C:\\\\Users\\\\rober\\\\.cache\\\\firebase\\\\emulators\\\\dataconnect-emulator-2.17.0.exe\",\"args\":[\"--logtostderr\",\"-v=2\",\"dev\",\"--listen=localhost:50001\",\"--config_dir=c:\\\\Users\\\\rober\\\\repos\\\\lajuro\\\\exaroton-servers\\\\dataconnect\",\"--enable_output_schema_extensions=true\",\"--enable_output_generated_sdk=true\"],\"optionalArgs\":[\"listen\",\"config_dir\",\"enable_output_schema_extensions\",\"enable_output_generated_sdk\"],\"joinArgs\":true,\"shell\":false,\"port\":9399}"}}
[info] i  dataconnect: Data Connect Emulator logging to dataconnect-debug.log {"metadata":{"emulator":{"name":"dataconnect"},"message":"Data Connect Emulator logging to \u001b[1mdataconnect-debug.log\u001b[22m"}}
[debug] [2025-12-01T01:21:21.472Z] E1130 22:21:21.464247   41476 dev.go:82] Failed to load initial config from "c:\\Users\\rober\\repos\\lajuro\\exaroton-servers\\dataconnect": could not find dataconnect.yaml in `c:\Users\rober\repos\lajuro\exaroton-servers\dataconnect`
 {"metadata":{"emulator":{"name":"dataconnect"},"message":"E1130 22:21:21.464247   41476 dev.go:82] Failed to load initial config from \"c:\\\\Users\\\\rober\\\\repos\\\\lajuro\\\\exaroton-servers\\\\dataconnect\": could not find dataconnect.yaml in `c:\\Users\\rober\\repos\\lajuro\\exaroton-servers\\dataconnect`\n"}}
[debug] [2025-12-01T01:21:21.472Z] E1130 22:21:21.472045   41476 watch.go:102] watchAllDir unable to walk dir `c:\Users\rober\repos\lajuro\exaroton-servers\dataconnect`: CreateFile c:\Users\rober\repos\lajuro\exaroton-servers\dataconnect: O sistema n達o pode encontrar o arquivo especificado.
 {"metadata":{"emulator":{"name":"dataconnect"},"message":"E1130 22:21:21.472045   41476 watch.go:102] watchAllDir unable to walk dir `c:\\Users\\rober\\repos\\lajuro\\exaroton-servers\\dataconnect`: CreateFile c:\\Users\\rober\\repos\\lajuro\\exaroton-servers\\dataconnect: O sistema n達o pode encontrar o arquivo especificado.\n"}}
[debug] [2025-12-01T01:21:21.478Z] I1130 22:21:21.478264   41476 dev.go:105] Listening on address (HTTP + gRPC): 127.0.0.1:50001
 {"metadata":{"emulator":{"name":"dataconnect"},"message":"I1130 22:21:21.478264   41476 dev.go:105] Listening on address (HTTP + gRPC): 127.0.0.1:50001\n"}}
[debug] [2025-12-01T01:21:21.534Z] [Firebase Plugin] Value of process.env.MONOSPACE_ENV: undefined
[debug] [2025-12-01T01:21:21.534Z] [Firebase Plugin] requireAuthWrapper
[debug] [2025-12-01T01:21:21.535Z] > command requires scopes: ["email","openid","https://www.googleapis.com/auth/cloudplatformprojects.readonly","https://www.googleapis.com/auth/firebase","https://www.googleapis.com/auth/cloud-platform"]
[debug] [2025-12-01T01:21:21.535Z] > authorizing via signed-in user (roberto.camargo.1996@gmail.com)
[debug] [2025-12-01T01:21:21.535Z] Checked if tokens are valid: true, expires at: 1764555675777
[debug] [2025-12-01T01:21:21.535Z] [Firebase Plugin] User found:  roberto.camargo.1996@gmail.com
[info] [Firebase Plugin] (Core:Project) New user detected, fetching projects
[debug] [2025-12-01T01:21:21.536Z] Checked if tokens are valid: true, expires at: 1764555675777
[debug] [2025-12-01T01:21:21.536Z] >>> [apiv2][query] GET https://firebase.googleapis.com/v1beta1/projects pageSize=1000
[debug] [2025-12-01T01:21:21.538Z] [Firebase Plugin] Value of process.env.MONOSPACE_ENV: undefined
[debug] [2025-12-01T01:21:21.538Z] [Firebase Plugin] requireAuthWrapper
[debug] [2025-12-01T01:21:21.538Z] > command requires scopes: ["email","openid","https://www.googleapis.com/auth/cloudplatformprojects.readonly","https://www.googleapis.com/auth/firebase","https://www.googleapis.com/auth/cloud-platform"]
[debug] [2025-12-01T01:21:21.539Z] > authorizing via signed-in user (roberto.camargo.1996@gmail.com)
[debug] [2025-12-01T01:21:21.539Z] Checked if tokens are valid: true, expires at: 1764555675777
[debug] [2025-12-01T01:21:21.539Z] [Firebase Plugin] User found:  roberto.camargo.1996@gmail.com
[info] [Firebase Plugin] (Core:Project) New user detected, fetching projects
[debug] [2025-12-01T01:21:21.539Z] Checked if tokens are valid: true, expires at: 1764555675777
[debug] [2025-12-01T01:21:21.540Z] >>> [apiv2][query] GET https://firebase.googleapis.com/v1beta1/projects pageSize=1000
[debug] [2025-12-01T01:21:21.544Z] Emulator locator file path: C:\Users\rober\AppData\Local\Temp\hub-exaroton-servers.json
[error] [Firebase Plugin] error:  {}
[debug] [2025-12-01T01:21:22.534Z] <<< [apiv2][status] GET https://firebase.googleapis.com/v1beta1/projects 200
[debug] [2025-12-01T01:21:22.534Z] <<< [apiv2][body] GET https://firebase.googleapis.com/v1beta1/projects [omitted]
[debug] [2025-12-01T01:21:22.647Z] <<< [apiv2][status] GET https://firebase.googleapis.com/v1beta1/projects 200
[debug] [2025-12-01T01:21:22.647Z] <<< [apiv2][body] GET https://firebase.googleapis.com/v1beta1/projects [omitted]
[debug] [2025-12-01T01:21:31.473Z] E1130 22:21:31.473101   41476 watch.go:31] Failed to load config from "c:\\Users\\rober\\repos\\lajuro\\exaroton-servers\\dataconnect": could not find dataconnect.yaml in `c:\Users\rober\repos\lajuro\exaroton-servers\dataconnect`
 {"metadata":{"emulator":{"name":"dataconnect"},"message":"E1130 22:21:31.473101   41476 watch.go:31] Failed to load config from \"c:\\\\Users\\\\rober\\\\repos\\\\lajuro\\\\exaroton-servers\\\\dataconnect\": could not find dataconnect.yaml in `c:\\Users\\rober\\repos\\lajuro\\exaroton-servers\\dataconnect`\n"}}
[debug] [2025-12-01T01:21:41.473Z] E1130 22:21:41.473004   41476 watch.go:31] Failed to load config from "c:\\Users\\rober\\repos\\lajuro\\exaroton-servers\\dataconnect": could not find dataconnect.yaml in `c:\Users\rober\repos\lajuro\exaroton-servers\dataconnect`
 {"metadata":{"emulator":{"name":"dataconnect"},"message":"E1130 22:21:41.473004   41476 watch.go:31] Failed to load config from \"c:\\\\Users\\\\rober\\\\repos\\\\lajuro\\\\exaroton-servers\\\\dataconnect\": could not find dataconnect.yaml in `c:\\Users\\rober\\repos\\lajuro\\exaroton-servers\\dataconnect`\n"}}
[debug] [2025-12-01T01:21:51.472Z] E1130 22:21:51.472610   41476 watch.go:31] Failed to load config from "c:\\Users\\rober\\repos\\lajuro\\exaroton-servers\\dataconnect": could not find dataconnect.yaml in `c:\Users\rober\repos\lajuro\exaroton-servers\dataconnect`
 {"metadata":{"emulator":{"name":"dataconnect"},"message":"E1130 22:21:51.472610   41476 watch.go:31] Failed to load config from \"c:\\\\Users\\\\rober\\\\repos\\\\lajuro\\\\exaroton-servers\\\\dataconnect\": could not find dataconnect.yaml in `c:\\Users\\rober\\repos\\lajuro\\exaroton-servers\\dataconnect`\n"}}
[debug] [2025-12-01T01:22:01.473Z] E1130 22:22:01.473190   41476 watch.go:31] Failed to load config from "c:\\Users\\rober\\repos\\lajuro\\exaroton-servers\\dataconnect": could not find dataconnect.yaml in `c:\Users\rober\repos\lajuro\exaroton-servers\dataconnect`
 {"metadata":{"emulator":{"name":"dataconnect"},"message":"E1130 22:22:01.473190   41476 watch.go:31] Failed to load config from \"c:\\\\Users\\\\rober\\\\repos\\\\lajuro\\\\exaroton-servers\\\\dataconnect\": could not find dataconnect.yaml in `c:\\Users\\rober\\repos\\lajuro\\exaroton-servers\\dataconnect`\n"}}
[debug] [2025-12-01T01:22:11.472Z] E1130 22:22:11.472675   41476 watch.go:31] Failed to load config from "c:\\Users\\rober\\repos\\lajuro\\exaroton-servers\\dataconnect": could not find dataconnect.yaml in `c:\Users\rober\repos\lajuro\exaroton-servers\dataconnect`
 {"metadata":{"emulator":{"name":"dataconnect"},"message":"E1130 22:22:11.472675   41476 watch.go:31] Failed to load config from \"c:\\\\Users\\\\rober\\\\repos\\\\lajuro\\\\exaroton-servers\\\\dataconnect\": could not find dataconnect.yaml in `c:\\Users\\rober\\repos\\lajuro\\exaroton-servers\\dataconnect`\n"}}
[debug] [2025-12-01T01:22:21.472Z] E1130 22:22:21.472965   41476 watch.go:31] Failed to load config from "c:\\Users\\rober\\repos\\lajuro\\exaroton-servers\\dataconnect": could not find dataconnect.yaml in `c:\Users\rober\repos\lajuro\exaroton-servers\dataconnect`
 {"metadata":{"emulator":{"name":"dataconnect"},"message":"E1130 22:22:21.472965   41476 watch.go:31] Failed to load config from \"c:\\\\Users\\\\rober\\\\repos\\\\lajuro\\\\exaroton-servers\\\\dataconnect\": could not find dataconnect.yaml in `c:\\Users\\rober\\repos\\lajuro\\exaroton-servers\\dataconnect`\n"}}
[debug] [2025-12-01T01:22:31.473Z] E1130 22:22:31.473558   41476 watch.go:31] Failed to load config from "c:\\Users\\rober\\repos\\lajuro\\exaroton-servers\\dataconnect": could not find dataconnect.yaml in `c:\Users\rober\repos\lajuro\exaroton-servers\dataconnect`
 {"metadata":{"emulator":{"name":"dataconnect"},"message":"E1130 22:22:31.473558   41476 watch.go:31] Failed to load config from \"c:\\\\Users\\\\rober\\\\repos\\\\lajuro\\\\exaroton-servers\\\\dataconnect\": could not find dataconnect.yaml in `c:\\Users\\rober\\repos\\lajuro\\exaroton-servers\\dataconnect`\n"}}
[debug] [2025-12-01T01:22:41.472Z] E1130 22:22:41.472870   41476 watch.go:31] Failed to load config from "c:\\Users\\rober\\repos\\lajuro\\exaroton-servers\\dataconnect": could not find dataconnect.yaml in `c:\Users\rober\repos\lajuro\exaroton-servers\dataconnect`
 {"metadata":{"emulator":{"name":"dataconnect"},"message":"E1130 22:22:41.472870   41476 watch.go:31] Failed to load config from \"c:\\\\Users\\\\rober\\\\repos\\\\lajuro\\\\exaroton-servers\\\\dataconnect\": could not find dataconnect.yaml in `c:\\Users\\rober\\repos\\lajuro\\exaroton-servers\\dataconnect`\n"}}
[debug] [2025-12-01T01:22:51.473Z] E1130 22:22:51.473150   41476 watch.go:31] Failed to load config from "c:\\Users\\rober\\repos\\lajuro\\exaroton-servers\\dataconnect": could not find dataconnect.yaml in `c:\Users\rober\repos\lajuro\exaroton-servers\dataconnect`
 {"metadata":{"emulator":{"name":"dataconnect"},"message":"E1130 22:22:51.473150   41476 watch.go:31] Failed to load config from \"c:\\\\Users\\\\rober\\\\repos\\\\lajuro\\\\exaroton-servers\\\\dataconnect\": could not find dataconnect.yaml in `c:\\Users\\rober\\repos\\lajuro\\exaroton-servers\\dataconnect`\n"}}
[debug] [2025-12-01T01:23:01.472Z] E1130 22:23:01.473037   41476 watch.go:31] Failed to load config from "c:\\Users\\rober\\repos\\lajuro\\exaroton-servers\\dataconnect": could not find dataconnect.yaml in `c:\Users\rober\repos\lajuro\exaroton-servers\dataconnect`
 {"metadata":{"emulator":{"name":"dataconnect"},"message":"E1130 22:23:01.473037   41476 watch.go:31] Failed to load config from \"c:\\\\Users\\\\rober\\\\repos\\\\lajuro\\\\exaroton-servers\\\\dataconnect\": could not find dataconnect.yaml in `c:\\Users\\rober\\repos\\lajuro\\exaroton-servers\\dataconnect`\n"}}
[debug] [2025-12-01T01:23:11.472Z] E1130 22:23:11.472867   41476 watch.go:31] Failed to load config from "c:\\Users\\rober\\repos\\lajuro\\exaroton-servers\\dataconnect": could not find dataconnect.yaml in `c:\Users\rober\repos\lajuro\exaroton-servers\dataconnect`
 {"metadata":{"emulator":{"name":"dataconnect"},"message":"E1130 22:23:11.472867   41476 watch.go:31] Failed to load config from \"c:\\\\Users\\\\rober\\\\repos\\\\lajuro\\\\exaroton-servers\\\\dataconnect\": could not find dataconnect.yaml in `c:\\Users\\rober\\repos\\lajuro\\exaroton-servers\\dataconnect`\n"}}
[debug] [2025-12-01T01:23:21.472Z] E1130 22:23:21.472699   41476 watch.go:31] Failed to load config from "c:\\Users\\rober\\repos\\lajuro\\exaroton-servers\\dataconnect": could not find dataconnect.yaml in `c:\Users\rober\repos\lajuro\exaroton-servers\dataconnect`
 {"metadata":{"emulator":{"name":"dataconnect"},"message":"E1130 22:23:21.472699   41476 watch.go:31] Failed to load config from \"c:\\\\Users\\\\rober\\\\repos\\\\lajuro\\\\exaroton-servers\\\\dataconnect\": could not find dataconnect.yaml in `c:\\Users\\rober\\repos\\lajuro\\exaroton-servers\\dataconnect`\n"}}
[debug] [2025-12-01T01:23:21.472Z] E1130 22:23:21.472699   41476 watch.go:102] watchAllDir unable to walk dir `c:\Users\rober\repos\lajuro\exaroton-servers\dataconnect`: CreateFile c:\Users\rober\repos\lajuro\exaroton-servers\dataconnect: O sistema n達o pode encontrar o arquivo especificado.
 {"metadata":{"emulator":{"name":"dataconnect"},"message":"E1130 22:23:21.472699   41476 watch.go:102] watchAllDir unable to walk dir `c:\\Users\\rober\\repos\\lajuro\\exaroton-servers\\dataconnect`: CreateFile c:\\Users\\rober\\repos\\lajuro\\exaroton-servers\\dataconnect: O sistema n達o pode encontrar o arquivo especificado.\n"}}
[debug] [2025-12-01T01:23:31.473Z] E1130 22:23:31.473529   41476 watch.go:31] Failed to load config from "c:\\Users\\rober\\repos\\lajuro\\exaroton-servers\\dataconnect": could not find dataconnect.yaml in `c:\Users\rober\repos\lajuro\exaroton-servers\dataconnect`
 {"metadata":{"emulator":{"name":"dataconnect"},"message":"E1130 22:23:31.473529   41476 watch.go:31] Failed to load config from \"c:\\\\Users\\\\rober\\\\repos\\\\lajuro\\\\exaroton-servers\\\\dataconnect\": could not find dataconnect.yaml in `c:\\Users\\rober\\repos\\lajuro\\exaroton-servers\\dataconnect`\n"}}
[debug] [2025-12-01T01:23:41.473Z] E1130 22:23:41.473030   41476 watch.go:31] Failed to load config from "c:\\Users\\rober\\repos\\lajuro\\exaroton-servers\\dataconnect": could not find dataconnect.yaml in `c:\Users\rober\repos\lajuro\exaroton-servers\dataconnect`
 {"metadata":{"emulator":{"name":"dataconnect"},"message":"E1130 22:23:41.473030   41476 watch.go:31] Failed to load config from \"c:\\\\Users\\\\rober\\\\repos\\\\lajuro\\\\exaroton-servers\\\\dataconnect\": could not find dataconnect.yaml in `c:\\Users\\rober\\repos\\lajuro\\exaroton-servers\\dataconnect`\n"}}
[debug] [2025-12-01T01:23:51.472Z] E1130 22:23:51.472729   41476 watch.go:31] Failed to load config from "c:\\Users\\rober\\repos\\lajuro\\exaroton-servers\\dataconnect": could not find dataconnect.yaml in `c:\Users\rober\repos\lajuro\exaroton-servers\dataconnect`
 {"metadata":{"emulator":{"name":"dataconnect"},"message":"E1130 22:23:51.472729   41476 watch.go:31] Failed to load config from \"c:\\\\Users\\\\rober\\\\repos\\\\lajuro\\\\exaroton-servers\\\\dataconnect\": could not find dataconnect.yaml in `c:\\Users\\rober\\repos\\lajuro\\exaroton-servers\\dataconnect`\n"}}
[debug] [2025-12-01T01:24:01.472Z] E1130 22:24:01.472867   41476 watch.go:31] Failed to load config from "c:\\Users\\rober\\repos\\lajuro\\exaroton-servers\\dataconnect": could not find dataconnect.yaml in `c:\Users\rober\repos\lajuro\exaroton-servers\dataconnect`
 {"metadata":{"emulator":{"name":"dataconnect"},"message":"E1130 22:24:01.472867   41476 watch.go:31] Failed to load config from \"c:\\\\Users\\\\rober\\\\repos\\\\lajuro\\\\exaroton-servers\\\\dataconnect\": could not find dataconnect.yaml in `c:\\Users\\rober\\repos\\lajuro\\exaroton-servers\\dataconnect`\n"}}
[debug] [2025-12-01T01:24:11.473Z] E1130 22:24:11.473250   41476 watch.go:31] Failed to load config from "c:\\Users\\rober\\repos\\lajuro\\exaroton-servers\\dataconnect": could not find dataconnect.yaml in `c:\Users\rober\repos\lajuro\exaroton-servers\dataconnect`
 {"metadata":{"emulator":{"name":"dataconnect"},"message":"E1130 22:24:11.473250   41476 watch.go:31] Failed to load config from \"c:\\\\Users\\\\rober\\\\repos\\\\lajuro\\\\exaroton-servers\\\\dataconnect\": could not find dataconnect.yaml in `c:\\Users\\rober\\repos\\lajuro\\exaroton-servers\\dataconnect`\n"}}
[debug] [2025-12-01T01:24:21.501Z] I1130 22:24:21.501692   41476 load.go:31] Reloading schema and connectors...
 {"metadata":{"emulator":{"name":"dataconnect"},"message":"I1130 22:24:21.501692   41476 load.go:31] Reloading schema and connectors...\n"}}
[debug] [2025-12-01T01:24:21.529Z] I1130 22:24:21.529607   41476 control.go:94] [/emulator/exaroton-servers c875] UpdateResources(): done
Main schema: sources: schema\schema.gql [771B] 
Connector "example": sources: example\queries.gql [1733B] 
 {"metadata":{"emulator":{"name":"dataconnect"},"message":"I1130 22:24:21.529607   41476 control.go:94] [/emulator/exaroton-servers c875] UpdateResources(): done\nMain schema: sources: schema\\schema.gql [771B] \nConnector \"example\": sources: example\\queries.gql [1733B] \n"}}
[debug] [2025-12-01T01:24:21.555Z] I1130 22:24:21.554953   41476 codegen.go:80] [connector "example" javascriptSdk] Generating sources into "c:\\Users\\rober\\repos\\lajuro\\exaroton-servers\\src\\dataconnect-generated"
 {"metadata":{"emulator":{"name":"dataconnect"},"message":"I1130 22:24:21.554953   41476 codegen.go:80] [connector \"example\" javascriptSdk] Generating sources into \"c:\\\\Users\\\\rober\\\\repos\\\\lajuro\\\\exaroton-servers\\\\src\\\\dataconnect-generated\"\n"}}
[debug] [2025-12-01T01:24:21.560Z] I1130 22:24:21.554953   41476 codegen.go:80] [connector "example" adminSdk] Generating sources into "c:\\Users\\rober\\repos\\lajuro\\exaroton-servers\\src\\dataconnect-admin-generated"
 {"metadata":{"emulator":{"name":"dataconnect"},"message":"I1130 22:24:21.554953   41476 codegen.go:80] [connector \"example\" adminSdk] Generating sources into \"c:\\\\Users\\\\rober\\\\repos\\\\lajuro\\\\exaroton-servers\\\\src\\\\dataconnect-admin-generated\"\n"}}
[debug] [2025-12-01T01:24:21.565Z] I1130 22:24:21.562846   41476 collector.go:107] schema extensions wrote into "c:\\Users\\rober\\repos\\lajuro\\exaroton-servers\\dataconnect\\.dataconnect\\schema"
Generated sources: main\input.gql [50131B] main\relation.gql [27091B] main\query.gql [6430B] main\mutation.gql [17499B] prelude.gql [73219B] main\implicit.gql [2840B] 
 {"metadata":{"emulator":{"name":"dataconnect"},"message":"I1130 22:24:21.562846   41476 collector.go:107] schema extensions wrote into \"c:\\\\Users\\\\rober\\\\repos\\\\lajuro\\\\exaroton-servers\\\\dataconnect\\\\.dataconnect\\\\schema\"\nGenerated sources: main\\input.gql [50131B] main\\relation.gql [27091B] main\\query.gql [6430B] main\\mutation.gql [17499B] prelude.gql [73219B] main\\implicit.gql [2840B] \n"}}
[debug] [2025-12-01T01:24:21.580Z] I1130 22:24:21.577370   41476 collector.go:107] connector "example" javascriptSdk wrote into "c:\\Users\\rober\\repos\\lajuro\\exaroton-servers\\src\\dataconnect-generated"
Generated sources: .guides/usage.md [2702B] index.d.ts [5535B] react\esm\index.esm.js [1761B] react\README.md [31633B] .guides/config.json [236B] index.cjs.js [2387B] package.json [863B] .guides/setup.md [1682B] esm\index.esm.js [2036B] esm\package.json [17B] README.md [26482B] react\package.json [460B] react\esm\package.json [17B] react\index.d.ts [2583B] react\index.cjs.js [1878B] 
 {"metadata":{"emulator":{"name":"dataconnect"},"message":"I1130 22:24:21.577370   41476 collector.go:107] connector \"example\" javascriptSdk wrote into \"c:\\\\Users\\\\rober\\\\repos\\\\lajuro\\\\exaroton-servers\\\\src\\\\dataconnect-generated\"\nGenerated sources: .guides/usage.md [2702B] index.d.ts [5535B] react\\esm\\index.esm.js [1761B] react\\README.md [31633B] .guides/config.json [236B] index.cjs.js [2387B] package.json [863B] .guides/setup.md [1682B] esm\\index.esm.js [2036B] esm\\package.json [17B] README.md [26482B] react\\package.json [460B] react\\esm\\package.json [17B] react\\index.d.ts [2583B] react\\index.cjs.js [1878B] \n"}}
[debug] [2025-12-01T01:24:21.598Z] I1130 22:24:21.598164   41476 installsdk.go:86] Running command: C:\Program Files\nodejs\npm.cmd install file:src\dataconnect-generated
 {"metadata":{"emulator":{"name":"dataconnect"},"message":"I1130 22:24:21.598164   41476 installsdk.go:86] Running command: C:\\Program Files\\nodejs\\npm.cmd install file:src\\dataconnect-generated\n"}}
[debug] [2025-12-01T01:24:27.411Z] I1130 22:24:27.411318   41476 collector.go:107] connector "example" adminSdk wrote into "c:\\Users\\rober\\repos\\lajuro\\exaroton-servers\\src\\dataconnect-admin-generated"
Generated sources: esm\package.json [17B] index.cjs.js [1817B] package.json [632B] index.d.ts [4902B] esm\index.esm.js [1590B] 
 {"metadata":{"emulator":{"name":"dataconnect"},"message":"I1130 22:24:27.411318   41476 collector.go:107] connector \"example\" adminSdk wrote into \"c:\\\\Users\\\\rober\\\\repos\\\\lajuro\\\\exaroton-servers\\\\src\\\\dataconnect-admin-generated\"\nGenerated sources: esm\\package.json [17B] index.cjs.js [1817B] package.json [632B] index.d.ts [4902B] esm\\index.esm.js [1590B] \n"}}
[debug] [2025-12-01T01:24:27.426Z] I1130 22:24:27.426769   41476 installsdk.go:86] Running command: C:\Program Files\nodejs\npm.cmd install file:src\dataconnect-admin-generated
 {"metadata":{"emulator":{"name":"dataconnect"},"message":"I1130 22:24:27.426769   41476 installsdk.go:86] Running command: C:\\Program Files\\nodejs\\npm.cmd install file:src\\dataconnect-admin-generated\n"}}
[debug] [2025-12-01T01:24:30.082Z] I1130 22:24:30.082509   41476 load.go:109] Finished reloading
 {"metadata":{"emulator":{"name":"dataconnect"},"message":"I1130 22:24:30.082509   41476 load.go:109] Finished reloading\n"}}
